<?xml version="1.0" encoding="UTF-8"?>
<testsuite xmlns:xsi="http://www.w3.org/2001/XMLSchema-instance" xsi:noNamespaceSchemaLocation="https://maven.apache.org/surefire/maven-surefire-plugin/xsd/surefire-test-report-3.0.xsd" version="3.0" name="com.shopmind.knowledge.KnowledgeEngineTest$CacheStatisticsTests" time="0.15" tests="11" errors="0" skipped="0" failures="0">
  <properties>
[...]
</properties>
  <testcase name="shouldContainMetadataInResults" classname="com.shopmind.knowledge.KnowledgeEngineTest" time="2.407">
    <system-out><![CDATA[16:30:20.590 [main] INFO org.springframework.test.context.support.AnnotationConfigContextLoaderUtils -- Could not detect default configuration classes for test class [com.shopmind.knowledge.KnowledgeEngineTest]: KnowledgeEngineTest does not declare any static, non-private, non-final, nested classes annotated with @Configuration.
16:30:21.006 [main] INFO org.springframework.boot.test.context.SpringBootTestContextBootstrapper -- Found @SpringBootConfiguration com.shopmind.ShopMindApplication for test class com.shopmind.knowledge.KnowledgeEngineTest

  .   ____          _            __ _ _
 /\\ / ___'_ __ _ _(_)_ __  __ _ \ \ \ \
( ( )\___ | '_ | '_| | '_ \/ _` | \ \ \ \
 \\/  ___)| |_)| | | | | || (_| |  ) ) ) )
  '  |____| .__|_| |_|_| |_\__, | / / / /
 =========|_|==============|___/=/_/_/_/
 :: Spring Boot ::                (v3.2.5)

2026-07-24T16:30:23.685+08:00  INFO 33408 --- [           main] c.s.knowledge.KnowledgeEngineTest        : Starting KnowledgeEngineTest using Java 17.0.13 with PID 33408 (started by 谢翠芳 in D:\A_big\ShopMind\backend)
2026-07-24T16:30:23.692+08:00  INFO 33408 --- [           main] c.s.knowledge.KnowledgeEngineTest        : No active profile set, falling back to 1 default profile: "default"
2026-07-24T16:30:27.902+08:00  INFO 33408 --- [           main] .s.d.r.c.RepositoryConfigurationDelegate : Bootstrapping Spring Data MongoDB repositories in DEFAULT mode.
2026-07-24T16:30:28.228+08:00  INFO 33408 --- [           main] .s.d.r.c.RepositoryConfigurationDelegate : Finished Spring Data repository scanning in 313 ms. Found 1 MongoDB repository interface.
2026-07-24T16:30:32.134+08:00  WARN 33408 --- [           main] trationDelegate$BeanPostProcessorChecker : Bean 'de.flapdoodle.embed.mongo.spring.autoconfigure.EmbeddedMongoAutoConfiguration' of type [de.flapdoodle.embed.mongo.spring.autoconfigure.EmbeddedMongoAutoConfiguration] is not eligible for getting processed by all BeanPostProcessors (for example: not eligible for auto-proxying). The currently created BeanPostProcessor [fixTransactionAndAuth] is declared through a non-static factory method on that class; consider declaring it as static instead.
2026-07-24T16:30:32.328+08:00  WARN 33408 --- [           main] trationDelegate$BeanPostProcessorChecker : Bean 'de.flapdoodle.mongodb.embedded-de.flapdoodle.embed.mongo.spring.autoconfigure.EmbeddedMongoProperties' of type [de.flapdoodle.embed.mongo.spring.autoconfigure.EmbeddedMongoProperties] is not eligible for getting processed by all BeanPostProcessors (for example: not eligible for auto-proxying). Is this bean getting eagerly injected into a currently created BeanPostProcessor [fixTransactionAndAuth]? Check the corresponding BeanPostProcessor declaration and its dependencies.
2026-07-24T16:30:32.732+08:00  WARN 33408 --- [           main] trationDelegate$BeanPostProcessorChecker : Bean 'net' of type [de.flapdoodle.embed.mongo.config.ImmutableNet] is not eligible for getting processed by all BeanPostProcessors (for example: not eligible for auto-proxying). Is this bean getting eagerly injected into a currently created BeanPostProcessor [fixTransactionAndAuth]? Check the corresponding BeanPostProcessor declaration and its dependencies.
2026-07-24T16:30:32.805+08:00  WARN 33408 --- [           main] trationDelegate$BeanPostProcessorChecker : Bean 'spring.data.mongodb-org.springframework.boot.autoconfigure.mongo.MongoProperties' of type [org.springframework.boot.autoconfigure.mongo.MongoProperties] is not eligible for getting processed by all BeanPostProcessors (for example: not eligible for auto-proxying). Is this bean getting eagerly injected into a currently created BeanPostProcessor [fixTransactionAndAuth]? Check the corresponding BeanPostProcessor declaration and its dependencies.
2026-07-24T16:30:33.346+08:00  INFO 33408 --- [           main] com.shopmind.mcp.registry.ToolRegistry   : [MCP] Registered tool 'queryOrder' -> MockBusinessService.queryOrder(1)
2026-07-24T16:30:33.347+08:00  INFO 33408 --- [           main] com.shopmind.mcp.registry.ToolRegistry   : [MCP] Registered tool 'searchProduct' -> MockBusinessService.searchProduct(1)
2026-07-24T16:30:33.347+08:00  INFO 33408 --- [           main] com.shopmind.mcp.registry.ToolRegistry   : [MCP] Registered tool 'slowTask' -> MockBusinessService.slowTask(0)
2026-07-24T16:30:33.347+08:00  INFO 33408 --- [           main] com.shopmind.mcp.registry.ToolRegistry   : [MCP] Registered tool 'confirmPayment' -> MockBusinessService.payOrder(2)
2026-07-24T16:30:34.356+08:00  INFO 33408 --- [           main] d.f.e.m.s.a.SyncClientServerFactory      : sync server factory
2026-07-24T16:30:35.974+08:00  INFO 33408 --- [       Thread-2] d.f.e.m.s.autoconfigure.EmbeddedMongo    : {"t":{"$date":"2026-07-24T16:30:35.938+08:00"},"s":"I",  "c":"CONTROL",  "id":23285,   "ctx":"thread1","msg":"Automatically disabling TLS 1.0, to force-enable TLS 1.0 specify --sslDisabledProtocols 'none'"}
2026-07-24T16:30:36.279+08:00  INFO 33408 --- [       Thread-2] d.f.e.m.s.autoconfigure.EmbeddedMongo    : {"t":{"$date":"2026-07-24T16:30:36.279+08:00"},"s":"I",  "c":"NETWORK",  "id":4915701, "ctx":"thread1","msg":"Initialized wire specification","attr":{"spec":{"incomingExternalClient":{"minWireVersion":0,"maxWireVersion":21},"incomingInternalClient":{"minWireVersion":0,"maxWireVersion":21},"outgoing":{"minWireVersion":6,"maxWireVersion":21},"isInternalClient":true}}}
2026-07-24T16:30:36.283+08:00  INFO 33408 --- [       Thread-2] d.f.e.m.s.autoconfigure.EmbeddedMongo    : {"t":{"$date":"2026-07-24T16:30:36.283+08:00"},"s":"I",  "c":"NETWORK",  "id":4648602, "ctx":"thread1","msg":"Implicit TCP FastOpen in use."}
2026-07-24T16:30:36.285+08:00  INFO 33408 --- [       Thread-2] d.f.e.m.s.autoconfigure.EmbeddedMongo    : {"t":{"$date":"2026-07-24T16:30:36.284+08:00"},"s":"I",  "c":"REPL",     "id":5123008, "ctx":"thread1","msg":"Successfully registered PrimaryOnlyService","attr":{"service":"TenantMigrationDonorService","namespace":"config.tenantMigrationDonors"}}
2026-07-24T16:30:36.285+08:00  INFO 33408 --- [       Thread-2] d.f.e.m.s.autoconfigure.EmbeddedMongo    : {"t":{"$date":"2026-07-24T16:30:36.285+08:00"},"s":"I",  "c":"REPL",     "id":5123008, "ctx":"thread1","msg":"Successfully registered PrimaryOnlyService","attr":{"service":"TenantMigrationRecipientService","namespace":"config.tenantMigrationRecipients"}}
2026-07-24T16:30:36.285+08:00  INFO 33408 --- [       Thread-2] d.f.e.m.s.autoconfigure.EmbeddedMongo    : {"t":{"$date":"2026-07-24T16:30:36.285+08:00"},"s":"I",  "c":"CONTROL",  "id":5945603, "ctx":"thread1","msg":"Multi threading initialized"}
2026-07-24T16:30:36.285+08:00  INFO 33408 --- [       Thread-2] d.f.e.m.s.autoconfigure.EmbeddedMongo    : {"t":{"$date":"2026-07-24T16:30:36.285+08:00"},"s":"I",  "c":"TENANT_M", "id":7091600, "ctx":"thread1","msg":"Starting TenantMigrationAccessBlockerRegistry"}
2026-07-24T16:30:36.286+08:00  INFO 33408 --- [       Thread-2] d.f.e.m.s.autoconfigure.EmbeddedMongo    : {"t":{"$date":"2026-07-24T16:30:36.286+08:00"},"s":"I",  "c":"CONTROL",  "id":4615611, "ctx":"initandlisten","msg":"MongoDB starting","attr":{"pid":39276,"port":58631,"dbPath":"C:/Users/璋㈢繝鑺?/AppData/Local/Temp/temp--f7b07c55-1c79-48b6-b2f5-bd890b1fe799/mongod-database8766178599949572841","architecture":"64-bit","host":"LAPTOP-57EIOFOJ"}}
2026-07-24T16:30:36.286+08:00  INFO 33408 --- [       Thread-2] d.f.e.m.s.autoconfigure.EmbeddedMongo    : {"t":{"$date":"2026-07-24T16:30:36.286+08:00"},"s":"I",  "c":"CONTROL",  "id":23398,   "ctx":"initandlisten","msg":"Target operating system minimum version","attr":{"targetMinOS":"Windows 7/Windows Server 2008 R2"}}
2026-07-24T16:30:36.286+08:00  INFO 33408 --- [       Thread-2] d.f.e.m.s.autoconfigure.EmbeddedMongo    : {"t":{"$date":"2026-07-24T16:30:36.286+08:00"},"s":"I",  "c":"CONTROL",  "id":23403,   "ctx":"initandlisten","msg":"Build Info","attr":{"buildInfo":{"version":"7.0.0","gitVersion":"37d84072b5c5b9fd723db5fa133fb202ad2317f1","modules":[],"allocator":"tcmalloc","environment":{"distmod":"windows","distarch":"x86_64","target_arch":"x86_64"}}}}
2026-07-24T16:30:36.287+08:00  INFO 33408 --- [       Thread-2] d.f.e.m.s.autoconfigure.EmbeddedMongo    : {"t":{"$date":"2026-07-24T16:30:36.286+08:00"},"s":"I",  "c":"CONTROL",  "id":51765,   "ctx":"initandlisten","msg":"Operating System","attr":{"os":{"name":"Microsoft Windows 10","version":"10.0 (build 26200)"}}}
2026-07-24T16:30:36.287+08:00  INFO 33408 --- [       Thread-2] d.f.e.m.s.autoconfigure.EmbeddedMongo    : {"t":{"$date":"2026-07-24T16:30:36.286+08:00"},"s":"I",  "c":"CONTROL",  "id":21951,   "ctx":"initandlisten","msg":"Options set by command line","attr":{"options":{"net":{"bindIp":"127.0.0.1","port":58631},"security":{"authorization":"disabled"},"storage":{"dbPath":"C:\\Users\\璋㈢繝鑺砛\AppData\\Local\\Temp\\temp--f7b07c55-1c79-48b6-b2f5-bd890b1fe799\\mongod-database8766178599949572841","syncPeriodSecs":0}}}}
2026-07-24T16:30:36.290+08:00  INFO 33408 --- [       Thread-2] d.f.e.m.s.autoconfigure.EmbeddedMongo    : {"t":{"$date":"2026-07-24T16:30:36.290+08:00"},"s":"I",  "c":"STORAGE",  "id":22315,   "ctx":"initandlisten","msg":"Opening WiredTiger","attr":{"config":"create,cache_size=7541M,session_max=33000,eviction=(threads_min=4,threads_max=4),config_base=false,statistics=(fast),log=(enabled=true,remove=true,path=journal,compressor=snappy),builtin_extension_config=(zstd=(compression_level=6)),file_manager=(close_idle_time=600,close_scan_interval=10,close_handle_minimum=2000),statistics_log=(wait=0),json_output=(error,message),verbose=[recovery_progress:1,checkpoint_progress:1,compact_progress:1,backup:0,checkpoint:0,compact:0,evict:0,history_store:0,recovery:0,rts:0,salvage:0,tiered:0,timestamp:0,transaction:0,verify:0,log:0],"}}
2026-07-24T16:30:36.341+08:00  INFO 33408 --- [       Thread-2] d.f.e.m.s.autoconfigure.EmbeddedMongo    : {"t":{"$date":"2026-07-24T16:30:36.341+08:00"},"s":"I",  "c":"STORAGE",  "id":4795906, "ctx":"initandlisten","msg":"WiredTiger opened","attr":{"durationMillis":51}}
2026-07-24T16:30:36.341+08:00  INFO 33408 --- [       Thread-2] d.f.e.m.s.autoconfigure.EmbeddedMongo    : {"t":{"$date":"2026-07-24T16:30:36.341+08:00"},"s":"I",  "c":"RECOVERY", "id":23987,   "ctx":"initandlisten","msg":"WiredTiger recoveryTimestamp","attr":{"recoveryTimestamp":{"$timestamp":{"t":0,"i":0}}}}
2026-07-24T16:30:36.361+08:00  INFO 33408 --- [       Thread-2] d.f.e.m.s.autoconfigure.EmbeddedMongo    : {"t":{"$date":"2026-07-24T16:30:36.361+08:00"},"s":"I",  "c":"STORAGE",  "id":20320,   "ctx":"initandlisten","msg":"createCollection","attr":{"namespace":"admin.system.version","uuidDisposition":"provided","uuid":{"uuid":{"$uuid":"c280afd1-ab27-4f30-b89d-9c438aa31d69"}},"options":{"uuid":{"$uuid":"c280afd1-ab27-4f30-b89d-9c438aa31d69"}}}}
2026-07-24T16:30:36.374+08:00  INFO 33408 --- [       Thread-2] d.f.e.m.s.autoconfigure.EmbeddedMongo    : {"t":{"$date":"2026-07-24T16:30:36.374+08:00"},"s":"I",  "c":"INDEX",    "id":20345,   "ctx":"initandlisten","msg":"Index build: done building","attr":{"buildUUID":null,"collectionUUID":{"uuid":{"$uuid":"c280afd1-ab27-4f30-b89d-9c438aa31d69"}},"namespace":"admin.system.version","index":"_id_","ident":"index-1-4845187366027427554","collectionIdent":"collection-0-4845187366027427554","commitTimestamp":null}}
2026-07-24T16:30:36.375+08:00  INFO 33408 --- [       Thread-2] d.f.e.m.s.autoconfigure.EmbeddedMongo    : {"t":{"$date":"2026-07-24T16:30:36.374+08:00"},"s":"I",  "c":"REPL",     "id":20459,   "ctx":"initandlisten","msg":"Setting featureCompatibilityVersion","attr":{"newVersion":"7.0"}}
2026-07-24T16:30:36.375+08:00  INFO 33408 --- [       Thread-2] d.f.e.m.s.autoconfigure.EmbeddedMongo    : {"t":{"$date":"2026-07-24T16:30:36.374+08:00"},"s":"I",  "c":"REPL",     "id":5853300, "ctx":"initandlisten","msg":"current featureCompatibilityVersion value","attr":{"featureCompatibilityVersion":"7.0","context":"setFCV"}}
2026-07-24T16:30:36.375+08:00  INFO 33408 --- [       Thread-2] d.f.e.m.s.autoconfigure.EmbeddedMongo    : {"t":{"$date":"2026-07-24T16:30:36.374+08:00"},"s":"I",  "c":"NETWORK",  "id":4915702, "ctx":"initandlisten","msg":"Updated wire specification","attr":{"oldSpec":{"incomingExternalClient":{"minWireVersion":0,"maxWireVersion":21},"incomingInternalClient":{"minWireVersion":0,"maxWireVersion":21},"outgoing":{"minWireVersion":6,"maxWireVersion":21},"isInternalClient":true},"newSpec":{"incomingExternalClient":{"minWireVersion":0,"maxWireVersion":21},"incomingInternalClient":{"minWireVersion":21,"maxWireVersion":21},"outgoing":{"minWireVersion":21,"maxWireVersion":21},"isInternalClient":true}}}
2026-07-24T16:30:36.377+08:00  INFO 33408 --- [       Thread-2] d.f.e.m.s.autoconfigure.EmbeddedMongo    : {"t":{"$date":"2026-07-24T16:30:36.375+08:00"},"s":"I",  "c":"NETWORK",  "id":4915702, "ctx":"initandlisten","msg":"Updated wire specification","attr":{"oldSpec":{"incomingExternalClient":{"minWireVersion":0,"maxWireVersion":21},"incomingInternalClient":{"minWireVersion":21,"maxWireVersion":21},"outgoing":{"minWireVersion":21,"maxWireVersion":21},"isInternalClient":true},"newSpec":{"incomingExternalClient":{"minWireVersion":0,"maxWireVersion":21},"incomingInternalClient":{"minWireVersion":21,"maxWireVersion":21},"outgoing":{"minWireVersion":21,"maxWireVersion":21},"isInternalClient":true}}}
2026-07-24T16:30:36.378+08:00  INFO 33408 --- [       Thread-2] d.f.e.m.s.autoconfigure.EmbeddedMongo    : {"t":{"$date":"2026-07-24T16:30:36.375+08:00"},"s":"I",  "c":"REPL",     "id":5853300, "ctx":"initandlisten","msg":"current featureCompatibilityVersion value","attr":{"featureCompatibilityVersion":"7.0","context":"startup"}}
2026-07-24T16:30:36.378+08:00  INFO 33408 --- [       Thread-2] d.f.e.m.s.autoconfigure.EmbeddedMongo    : {"t":{"$date":"2026-07-24T16:30:36.376+08:00"},"s":"I",  "c":"STORAGE",  "id":5071100, "ctx":"initandlisten","msg":"Clearing temp directory"}
2026-07-24T16:30:36.378+08:00  INFO 33408 --- [       Thread-2] d.f.e.m.s.autoconfigure.EmbeddedMongo    : {"t":{"$date":"2026-07-24T16:30:36.376+08:00"},"s":"I",  "c":"CONTROL",  "id":6608200, "ctx":"initandlisten","msg":"Initializing cluster server parameters from disk"}
2026-07-24T16:30:36.385+08:00  INFO 33408 --- [       Thread-2] d.f.e.m.s.autoconfigure.EmbeddedMongo    : {"t":{"$date":"2026-07-24T16:30:36.376+08:00"},"s":"I",  "c":"CONTROL",  "id":20536,   "ctx":"initandlisten","msg":"Flow Control is enabled on this deployment"}
2026-07-24T16:30:37.295+08:00  INFO 33408 --- [       Thread-2] d.f.e.m.s.autoconfigure.EmbeddedMongo    : {"t":{"$date":"2026-07-24T16:30:37.295+08:00"},"s":"I",  "c":"FTDC",     "id":20625,   "ctx":"initandlisten","msg":"Initializing full-time diagnostic data capture","attr":{"dataDirectory":"C:/Users/璋㈢繝鑺?/AppData/Local/Temp/temp--f7b07c55-1c79-48b6-b2f5-bd890b1fe799/mongod-database8766178599949572841/diagnostic.data"}}
2026-07-24T16:30:37.296+08:00  INFO 33408 --- [       Thread-2] d.f.e.m.s.autoconfigure.EmbeddedMongo    : {"t":{"$date":"2026-07-24T16:30:37.296+08:00"},"s":"I",  "c":"STORAGE",  "id":20320,   "ctx":"initandlisten","msg":"createCollection","attr":{"namespace":"local.startup_log","uuidDisposition":"generated","uuid":{"uuid":{"$uuid":"910a4c53-9721-4ce6-afa6-47050e630f25"}},"options":{"capped":true,"size":10485760}}}
2026-07-24T16:30:37.307+08:00  INFO 33408 --- [       Thread-2] d.f.e.m.s.autoconfigure.EmbeddedMongo    : {"t":{"$date":"2026-07-24T16:30:37.306+08:00"},"s":"I",  "c":"INDEX",    "id":20345,   "ctx":"initandlisten","msg":"Index build: done building","attr":{"buildUUID":null,"collectionUUID":{"uuid":{"$uuid":"910a4c53-9721-4ce6-afa6-47050e630f25"}},"namespace":"local.startup_log","index":"_id_","ident":"index-3-4845187366027427554","collectionIdent":"collection-2-4845187366027427554","commitTimestamp":null}}
2026-07-24T16:30:37.307+08:00  INFO 33408 --- [       Thread-2] d.f.e.m.s.autoconfigure.EmbeddedMongo    : {"t":{"$date":"2026-07-24T16:30:37.307+08:00"},"s":"I",  "c":"REPL",     "id":6015317, "ctx":"initandlisten","msg":"Setting new configuration state","attr":{"newState":"ConfigReplicationDisabled","oldState":"ConfigPreStart"}}
2026-07-24T16:30:37.307+08:00  INFO 33408 --- [       Thread-2] d.f.e.m.s.autoconfigure.EmbeddedMongo    : {"t":{"$date":"2026-07-24T16:30:37.307+08:00"},"s":"I",  "c":"STORAGE",  "id":22262,   "ctx":"initandlisten","msg":"Timestamp monitor starting"}
2026-07-24T16:30:37.308+08:00  INFO 33408 --- [       Thread-2] d.f.e.m.s.autoconfigure.EmbeddedMongo    : {"t":{"$date":"2026-07-24T16:30:37.309+08:00"},"s":"I",  "c":"CONTROL",  "id":20712,   "ctx":"LogicalSessionCacheReap","msg":"Sessions collection is not set up; waiting until next sessions reap interval","attr":{"error":"NamespaceNotFound: config.system.sessions does not exist"}}
2026-07-24T16:30:37.309+08:00  INFO 33408 --- [       Thread-2] d.f.e.m.s.autoconfigure.EmbeddedMongo    : {"t":{"$date":"2026-07-24T16:30:37.309+08:00"},"s":"I",  "c":"STORAGE",  "id":20320,   "ctx":"LogicalSessionCacheRefresh","msg":"createCollection","attr":{"namespace":"config.system.sessions","uuidDisposition":"generated","uuid":{"uuid":{"$uuid":"fc009e93-f252-4a01-9768-9b0526a78e0e"}},"options":{}}}
2026-07-24T16:30:37.309+08:00  INFO 33408 --- [       Thread-2] d.f.e.m.s.autoconfigure.EmbeddedMongo    : {"t":{"$date":"2026-07-24T16:30:37.309+08:00"},"s":"I",  "c":"NETWORK",  "id":23015,   "ctx":"listener","msg":"Listening on","attr":{"address":"127.0.0.1"}}
2026-07-24T16:30:37.309+08:00  INFO 33408 --- [       Thread-2] d.f.e.m.s.autoconfigure.EmbeddedMongo    : {"t":{"$date":"2026-07-24T16:30:37.309+08:00"},"s":"I",  "c":"NETWORK",  "id":23016,   "ctx":"listener","msg":"Waiting for connections","attr":{"port":58631,"ssl":"off"}}
2026-07-24T16:30:37.319+08:00  INFO 33408 --- [       Thread-2] d.f.e.m.s.autoconfigure.EmbeddedMongo    : {"t":{"$date":"2026-07-24T16:30:37.318+08:00"},"s":"I",  "c":"REPL",     "id":7360102, "ctx":"LogicalSessionCacheRefresh","msg":"Added oplog entry for create to transaction","attr":{"namespace":"config.$cmd","uuid":{"uuid":{"$uuid":"fc009e93-f252-4a01-9768-9b0526a78e0e"}},"object":{"create":"system.sessions","idIndex":{"v":2,"key":{"_id":1},"name":"_id_"}}}}
2026-07-24T16:30:37.319+08:00  INFO 33408 --- [       Thread-2] d.f.e.m.s.autoconfigure.EmbeddedMongo    : {"t":{"$date":"2026-07-24T16:30:37.318+08:00"},"s":"I",  "c":"REPL",     "id":7360100, "ctx":"LogicalSessionCacheRefresh","msg":"Added oplog entry for createIndexes to transaction","attr":{"namespace":"config.$cmd","uuid":{"uuid":{"$uuid":"fc009e93-f252-4a01-9768-9b0526a78e0e"}},"object":{"createIndexes":"system.sessions","v":2,"key":{"lastUse":1},"name":"lsidTTLIndex","expireAfterSeconds":1800}}}
2026-07-24T16:30:37.329+08:00  INFO 33408 --- [       Thread-2] d.f.e.m.s.autoconfigure.EmbeddedMongo    : {"t":{"$date":"2026-07-24T16:30:37.329+08:00"},"s":"I",  "c":"INDEX",    "id":20345,   "ctx":"LogicalSessionCacheRefresh","msg":"Index build: done building","attr":{"buildUUID":null,"collectionUUID":{"uuid":{"$uuid":"fc009e93-f252-4a01-9768-9b0526a78e0e"}},"namespace":"config.system.sessions","index":"_id_","ident":"index-5-4845187366027427554","collectionIdent":"collection-4-4845187366027427554","commitTimestamp":null}}
2026-07-24T16:30:37.329+08:00  INFO 33408 --- [       Thread-2] d.f.e.m.s.autoconfigure.EmbeddedMongo    : {"t":{"$date":"2026-07-24T16:30:37.329+08:00"},"s":"I",  "c":"INDEX",    "id":20345,   "ctx":"LogicalSessionCacheRefresh","msg":"Index build: done building","attr":{"buildUUID":null,"collectionUUID":{"uuid":{"$uuid":"fc009e93-f252-4a01-9768-9b0526a78e0e"}},"namespace":"config.system.sessions","index":"lsidTTLIndex","ident":"index-6-4845187366027427554","collectionIdent":"collection-4-4845187366027427554","commitTimestamp":null}}
2026-07-24T16:30:38.208+08:00  INFO 33408 --- [       Thread-2] d.f.e.m.s.autoconfigure.EmbeddedMongo    : {"t":{"$date":"2026-07-24T16:30:38.208+08:00"},"s":"I",  "c":"NETWORK",  "id":22943,   "ctx":"listener","msg":"Connection accepted","attr":{"remote":"127.0.0.1:60132","uuid":{"uuid":{"$uuid":"3031979b-da14-40bb-a258-1d6d8a7d2149"}},"connectionId":1,"connectionCount":1}}
2026-07-24T16:30:38.224+08:00  INFO 33408 --- [       Thread-2] d.f.e.m.s.autoconfigure.EmbeddedMongo    : {"t":{"$date":"2026-07-24T16:30:38.223+08:00"},"s":"I",  "c":"NETWORK",  "id":22943,   "ctx":"listener","msg":"Connection accepted","attr":{"remote":"127.0.0.1:60133","uuid":{"uuid":{"$uuid":"c63ebd1a-366e-47ef-91c3-b604a5ae007c"}},"connectionId":2,"connectionCount":2}}
2026-07-24T16:30:38.362+08:00  INFO 33408 --- [           main] org.mongodb.driver.client                : MongoClient with metadata {"driver": {"name": "mongo-java-driver|sync|spring-boot", "version": "4.11.2"}, "os": {"type": "Windows", "name": "Windows 11", "architecture": "amd64", "version": "10.0"}, "platform": "Java/Oracle Corporation/17.0.13+10-LTS-268"} created with settings MongoClientSettings{readPreference=primary, writeConcern=WriteConcern{w=null, wTimeout=null ms, journal=null}, retryWrites=true, retryReads=true, readConcern=ReadConcern{level=null}, credential=null, transportSettings=null, streamFactoryFactory=null, commandListeners=[], codecRegistry=ProvidersCodecRegistry{codecProviders=[ValueCodecProvider{}, BsonValueCodecProvider{}, DBRefCodecProvider{}, DBObjectCodecProvider{}, DocumentCodecProvider{}, CollectionCodecProvider{}, IterableCodecProvider{}, MapCodecProvider{}, GeoJsonCodecProvider{}, GridFSFileCodecProvider{}, Jsr310CodecProvider{}, JsonObjectCodecProvider{}, BsonCodecProvider{}, EnumCodecProvider{}, com.mongodb.client.model.mql.ExpressionCodecProvider@5e8bd498, com.mongodb.Jep395RecordCodecProvider@335972a5, com.mongodb.KotlinCodecProvider@59a2bed1]}, loggerSettings=LoggerSettings{maxDocumentLength=1000}, clusterSettings={hosts=[red-gate.com:58631], srvServiceName=mongodb, mode=SINGLE, requiredClusterType=UNKNOWN, requiredReplicaSetName='null', serverSelector='null', clusterListeners='[]', serverSelectionTimeout='30000 ms', localThreshold='15 ms'}, socketSettings=SocketSettings{connectTimeoutMS=10000, readTimeoutMS=0, receiveBufferSize=0, proxySettings=ProxySettings{host=null, port=null, username=null, password=null}}, heartbeatSocketSettings=SocketSettings{connectTimeoutMS=10000, readTimeoutMS=10000, receiveBufferSize=0, proxySettings=ProxySettings{host=null, port=null, username=null, password=null}}, connectionPoolSettings=ConnectionPoolSettings{maxSize=100, minSize=0, maxWaitTimeMS=120000, maxConnectionLifeTimeMS=0, maxConnectionIdleTimeMS=0, maintenanceInitialDelayMS=0, maintenanceFrequencyMS=60000, connectionPoolListeners=[], maxConnecting=2}, serverSettings=ServerSettings{heartbeatFrequencyMS=10000, minHeartbeatFrequencyMS=500, serverListeners='[]', serverMonitorListeners='[]'}, sslSettings=SslSettings{enabled=false, invalidHostNameAllowed=false, context=null}, applicationName='null', compressorList=[], uuidRepresentation=JAVA_LEGACY, serverApi=null, autoEncryptionSettings=null, dnsClient=null, inetAddressResolver=null, contextProvider=null}
2026-07-24T16:30:38.366+08:00  INFO 33408 --- [       Thread-2] d.f.e.m.s.autoconfigure.EmbeddedMongo    : {"t":{"$date":"2026-07-24T16:30:38.365+08:00"},"s":"I",  "c":"NETWORK",  "id":51800,   "ctx":"conn1","msg":"client metadata","attr":{"remote":"127.0.0.1:60132","client":"conn1","doc":{"driver":{"name":"mongo-java-driver|sync|spring-boot","version":"4.11.2"},"os":{"type":"Windows","name":"Windows 11","architecture":"amd64","version":"10.0"},"platform":"Java/Oracle Corporation/17.0.13+10-LTS-268"}}}
2026-07-24T16:30:38.367+08:00  INFO 33408 --- [       Thread-2] d.f.e.m.s.autoconfigure.EmbeddedMongo    : {"t":{"$date":"2026-07-24T16:30:38.368+08:00"},"s":"I",  "c":"NETWORK",  "id":51800,   "ctx":"conn2","msg":"client metadata","attr":{"remote":"127.0.0.1:60133","client":"conn2","doc":{"driver":{"name":"mongo-java-driver|sync|spring-boot","version":"4.11.2"},"os":{"type":"Windows","name":"Windows 11","architecture":"amd64","version":"10.0"},"platform":"Java/Oracle Corporation/17.0.13+10-LTS-268"}}}
2026-07-24T16:30:38.639+08:00  INFO 33408 --- [-gate.com:58631] org.mongodb.driver.cluster               : Monitor thread successfully connected to server with description ServerDescription{address=red-gate.com:58631, type=STANDALONE, state=CONNECTED, ok=true, minWireVersion=0, maxWireVersion=21, maxDocumentSize=16777216, logicalSessionTimeoutMinutes=30, roundTripTimeNanos=343144500}
2026-07-24T16:30:46.356+08:00  INFO 33408 --- [           main] c.s.k.pipeline.QueryCacheService         : [Knowledge] QueryCache initialized: maxSize=100, ttl=1min
2026-07-24T16:30:46.468+08:00  INFO 33408 --- [           main] c.s.k.a.InMemoryVectorStoreAdapter       : [Knowledge] Vector Store initialized: InMemoryEmbeddingStore (Phase 1)
2026-07-24T16:30:46.679+08:00  INFO 33408 --- [           main] c.s.o.pipeline.ToolIterationGuard        : [Orchestrator] ToolIterationGuard initialized: maxIterations=3
2026-07-24T16:30:47.562+08:00  INFO 33408 --- [           main] c.s.w.pipeline.WorkflowDefinitionLoader  : [WorkflowLoader] Loaded workflow: id=customer-service, version=v2.0, personaLength=166, toolRules=0, constraints=0
2026-07-24T16:30:47.563+08:00  INFO 33408 --- [           main] c.s.orchestrator.ShopAgentOrchestrator   : [Orchestrator] Initialized with workflow: id=customer-service, version=v2.0, toolRules=0, constraints=0
2026-07-24T16:30:59.721+08:00  INFO 33408 --- [           main] c.s.knowledge.KnowledgeEngineTest        : Started KnowledgeEngineTest in 38.244 seconds (process running for 275.047)
2026-07-24T16:31:02.089+08:00  INFO 33408 --- [           main] c.s.k.pipeline.QueryCacheService         : [Knowledge] Cache invalidated — all entries cleared
2026-07-24T16:31:02.113+08:00  INFO 33408 --- [           main] c.s.k.pipeline.RetrievalPipeline         : [Knowledge] Retrieving for query='退货政策', topK=5, threshold=0.1
2026-07-24T16:31:02.127+08:00  INFO 33408 --- [           main] c.s.k.pipeline.RetrievalPipeline         : [Knowledge] Retrieval complete: query='退货政策', hits=5/5, latency=11ms
]]></system-out>
  </testcase>
  <testcase name="shouldReturnEmptyContextForBlankQuery" classname="com.shopmind.knowledge.KnowledgeEngineTest" time="0.018">
    <system-out><![CDATA[2026-07-24T16:31:02.316+08:00  INFO 33408 --- [           main] c.s.k.pipeline.QueryCacheService         : [Knowledge] Cache invalidated — all entries cleared
2026-07-24T16:31:02.319+08:00  INFO 33408 --- [           main] c.s.k.pipeline.RetrievalPipeline         : [Knowledge] Empty query, returning empty context.
]]></system-out>
  </testcase>
  <testcase name="shouldReturnCorrectMaxScore" classname="com.shopmind.knowledge.KnowledgeEngineTest" time="0.025">
    <system-out><![CDATA[2026-07-24T16:31:02.333+08:00  INFO 33408 --- [           main] c.s.k.pipeline.QueryCacheService         : [Knowledge] Cache invalidated — all entries cleared
2026-07-24T16:31:02.335+08:00  INFO 33408 --- [           main] c.s.k.pipeline.RetrievalPipeline         : [Knowledge] Retrieving for query='退货', topK=3, threshold=0.1
2026-07-24T16:31:02.338+08:00  INFO 33408 --- [           main] c.s.k.pipeline.RetrievalPipeline         : [Knowledge] Retrieval complete: query='退货', hits=3/3, latency=3ms
]]></system-out>
  </testcase>
  <testcase name="shouldCompleteFullPipeline" classname="com.shopmind.knowledge.KnowledgeEngineTest" time="0.019">
    <system-out><![CDATA[2026-07-24T16:31:02.361+08:00  INFO 33408 --- [           main] c.s.k.pipeline.QueryCacheService         : [Knowledge] Cache invalidated — all entries cleared
2026-07-24T16:31:02.366+08:00  INFO 33408 --- [           main] c.s.k.pipeline.RetrievalPipeline         : [Knowledge] Retrieving for query='退货政策是什么', topK=3, threshold=0.1
2026-07-24T16:31:02.368+08:00  INFO 33408 --- [           main] c.s.k.pipeline.RetrievalPipeline         : [Knowledge] Retrieval complete: query='退货政策是什么', hits=3/3, latency=2ms
]]></system-out>
  </testcase>
  <testcase name="shouldConcatenateChunkTexts" classname="com.shopmind.knowledge.KnowledgeEngineTest" time="0.023">
    <system-out><![CDATA[2026-07-24T16:31:02.387+08:00  INFO 33408 --- [           main] c.s.k.pipeline.QueryCacheService         : [Knowledge] Cache invalidated — all entries cleared
2026-07-24T16:31:02.390+08:00  INFO 33408 --- [           main] c.s.k.pipeline.RetrievalPipeline         : [Knowledge] Retrieving for query='退货', topK=1, threshold=0.1
2026-07-24T16:31:02.393+08:00  INFO 33408 --- [           main] c.s.k.pipeline.RetrievalPipeline         : [Knowledge] Retrieval complete: query='退货', hits=1/1, latency=3ms
]]></system-out>
  </testcase>
  <testcase name="shouldHitCacheOnSecondIdenticalRequest" classname="com.shopmind.knowledge.KnowledgeEngineTest" time="0.04">
    <system-out><![CDATA[2026-07-24T16:31:02.411+08:00  INFO 33408 --- [           main] c.s.k.pipeline.QueryCacheService         : [Knowledge] Cache invalidated — all entries cleared
2026-07-24T16:31:02.413+08:00  INFO 33408 --- [           main] c.s.k.pipeline.RetrievalPipeline         : [Knowledge] Retrieving for query='满减活动规则', topK=3, threshold=0.1
2026-07-24T16:31:02.417+08:00  INFO 33408 --- [           main] c.s.k.pipeline.RetrievalPipeline         : [Knowledge] Retrieval complete: query='满减活动规则', hits=3/3, latency=4ms
2026-07-24T16:31:02.417+08:00  INFO 33408 --- [           main] c.s.k.pipeline.RetrievalPipeline         : [Knowledge] Retrieving for query='满减活动规则', topK=3, threshold=0.1
]]></system-out>
  </testcase>
  <testcase name="shouldReturnEmptyContextForNullRequest" classname="com.shopmind.knowledge.KnowledgeEngineTest" time="0.019">
    <system-out><![CDATA[2026-07-24T16:31:02.457+08:00  INFO 33408 --- [           main] c.s.k.pipeline.QueryCacheService         : [Knowledge] Cache invalidated — all entries cleared
2026-07-24T16:31:02.459+08:00  INFO 33408 --- [           main] c.s.k.pipeline.RetrievalPipeline         : [Knowledge] Empty query, returning empty context.
]]></system-out>
  </testcase>
  <testcase name="shouldThrowLowSimilarityWhenAllBelowThreshold" classname="com.shopmind.knowledge.KnowledgeEngineTest" time="0.025">
    <system-out><![CDATA[2026-07-24T16:31:02.474+08:00  INFO 33408 --- [           main] c.s.k.pipeline.QueryCacheService         : [Knowledge] Cache invalidated — all entries cleared
2026-07-24T16:31:02.481+08:00  INFO 33408 --- [           main] c.s.k.pipeline.RetrievalPipeline         : [Knowledge] Retrieving for query='退货政策', topK=3, threshold=0.99
2026-07-24T16:31:02.487+08:00  WARN 33408 --- [           main] c.s.k.pipeline.RetrievalPipeline         : [Knowledge] All chunks below threshold. Max score=0.5988795663382538, threshold=0.99
]]></system-out>
  </testcase>
  <testcase name="shouldThrowLowSimilarityForNoMatch" classname="com.shopmind.knowledge.KnowledgeEngineTest" time="0.052">
    <system-out><![CDATA[2026-07-24T16:31:02.511+08:00  INFO 33408 --- [           main] c.s.k.pipeline.QueryCacheService         : [Knowledge] Cache invalidated — all entries cleared
2026-07-24T16:31:02.516+08:00  INFO 33408 --- [           main] c.s.k.pipeline.RetrievalPipeline         : [Knowledge] Retrieving for query='完全无关的查询内容xyzabc', topK=3, threshold=0.1
2026-07-24T16:31:02.520+08:00  INFO 33408 --- [           main] c.s.k.pipeline.RetrievalPipeline         : [Knowledge] Retrieval complete: query='完全无关的查询内容xyzabc', hits=3/3, latency=4ms
]]></system-out>
  </testcase>
  <testcase name="shouldNotHitCacheForDifferentQuery" classname="com.shopmind.knowledge.KnowledgeEngineTest" time="0.064">
    <system-out><![CDATA[2026-07-24T16:31:02.579+08:00  INFO 33408 --- [           main] c.s.k.pipeline.QueryCacheService         : [Knowledge] Cache invalidated — all entries cleared
2026-07-24T16:31:02.585+08:00  INFO 33408 --- [           main] c.s.k.pipeline.RetrievalPipeline         : [Knowledge] Retrieving for query='满减活动', topK=3, threshold=0.1
2026-07-24T16:31:02.586+08:00  INFO 33408 --- [           main] c.s.k.pipeline.RetrievalPipeline         : [Knowledge] Retrieval complete: query='满减活动', hits=3/3, latency=1ms
2026-07-24T16:31:02.588+08:00  INFO 33408 --- [           main] c.s.k.pipeline.RetrievalPipeline         : [Knowledge] Retrieving for query='支付方式', topK=3, threshold=0.1
2026-07-24T16:31:02.591+08:00  INFO 33408 --- [           main] c.s.k.pipeline.RetrievalPipeline         : [Knowledge] Retrieval complete: query='支付方式', hits=3/3, latency=3ms
]]></system-out>
  </testcase>
  <testcase name="shouldAchieveExpectedHitRate" classname="com.shopmind.knowledge.KnowledgeEngineTest$CacheStatisticsTests" time="0.075">
    <system-out><![CDATA[2026-07-24T16:31:02.672+08:00  INFO 33408 --- [           main] t.c.s.AnnotationConfigContextLoaderUtils : Could not detect default configuration classes for test class [com.shopmind.knowledge.KnowledgeEngineTest$CacheStatisticsTests]: CacheStatisticsTests does not declare any static, non-private, non-final, nested classes annotated with @Configuration.
2026-07-24T16:31:02.684+08:00  INFO 33408 --- [           main] .b.t.c.SpringBootTestContextBootstrapper : Found @SpringBootConfiguration com.shopmind.ShopMindApplication for test class com.shopmind.knowledge.KnowledgeEngineTest$CacheStatisticsTests
2026-07-24T16:31:02.724+08:00  INFO 33408 --- [           main] c.s.k.pipeline.QueryCacheService         : [Knowledge] Cache invalidated — all entries cleared
2026-07-24T16:31:02.738+08:00  INFO 33408 --- [           main] c.s.k.pipeline.RetrievalPipeline         : [Knowledge] Retrieving for query='物流配送', topK=2, threshold=0.1
2026-07-24T16:31:02.752+08:00  INFO 33408 --- [           main] c.s.k.pipeline.RetrievalPipeline         : [Knowledge] Retrieval complete: query='物流配送', hits=2/2, latency=14ms
2026-07-24T16:31:02.767+08:00  INFO 33408 --- [           main] c.s.k.pipeline.RetrievalPipeline         : [Knowledge] Retrieving for query='物流配送', topK=2, threshold=0.1
2026-07-24T16:31:02.768+08:00  INFO 33408 --- [           main] c.s.k.pipeline.RetrievalPipeline         : [Knowledge] Retrieving for query='物流配送', topK=2, threshold=0.1
]]></system-out>
  </testcase>
</testsuite>